Using pre-set license
Built from '2020.3/release' branch; Version is '2020.3.27f1 (e759542391ea) revision 15161684'; Using compiler version '192528614'; Build Type 'Release'
OS: 'Windows 11  (10.0.22621) 64bit Professional' Language: 'es' Physical Memory: 16341 MB
BatchMode: 1, IsHumanControllingUs: 0, StartBugReporterOnCrash: 0, Is64bit: 1, IsPro: 0

COMMAND LINE ARGUMENTS:
D:\Unity Program\Unity\Hub\Editor\2020.3.27f1\Editor\Unity.exe
-adb2
-batchMode
-noUpm
-name
AssetImportWorker0
-projectPath
D:/Unity Proyectos/Zelda - BackGenerations Indy - copia (2)
-logFile
Logs/AssetImportWorker0.log
-srvPort
57954
Successfully changed project path to: D:/Unity Proyectos/Zelda - BackGenerations Indy - copia (2)
D:/Unity Proyectos/Zelda - BackGenerations Indy - copia (2)
Using Asset Import Pipeline V2.
Refreshing native plugins compatible for Editor in 136.81 ms, found 3 plugins.
Preloading 0 native plugins for Editor in 0.00 ms.
Initialize engine version: 2020.3.27f1 (e759542391ea)
[Subsystems] Discovering subsystems at path D:/Unity Program/Unity/Hub/Editor/2020.3.27f1/Editor/Data/Resources/UnitySubsystems
[Subsystems] Discovering subsystems at path D:/Unity Proyectos/Zelda - BackGenerations Indy - copia (2)/Assets
GfxDevice: creating device client; threaded=0
Direct3D:
    Version:  Direct3D 11.0 [level 11.0]
    Renderer: AMD Radeon HD 6700M Series (ID=0x6740)
    Vendor:   
    VRAM:     1008 MB
    Driver:   15.201.1151.1008
Initialize mono
Mono path[0] = 'D:/Unity Program/Unity/Hub/Editor/2020.3.27f1/Editor/Data/Managed'
Mono path[1] = 'D:/Unity Program/Unity/Hub/Editor/2020.3.27f1/Editor/Data/MonoBleedingEdge/lib/mono/unityjit'
Mono config path = 'D:/Unity Program/Unity/Hub/Editor/2020.3.27f1/Editor/Data/MonoBleedingEdge/etc'
Using monoOptions --debugger-agent=transport=dt_socket,embedding=1,server=y,suspend=n,address=127.0.0.1:56392
Begin MonoManager ReloadAssembly
Registering precompiled unity dll's ...
Register platform support module: D:/Unity Program/Unity/Hub/Editor/2020.3.27f1/Editor/Data/PlaybackEngines/WindowsStandaloneSupport/UnityEditor.WindowsStandalone.Extensions.dll
Registered in 0.001856 seconds.
Native extension for WindowsStandalone target not found
Refreshing native plugins compatible for Editor in 123.84 ms, found 3 plugins.
Preloading 0 native plugins for Editor in 0.00 ms.
Mono: successfully reloaded assembly
- Completed reload, in  1.086 seconds
Domain Reload Profiling:
	ReloadAssembly (1086ms)
		BeginReloadAssembly (122ms)
			ExecutionOrderSort (0ms)
			DisableScriptedObjects (0ms)
			BackupInstance (0ms)
			ReleaseScriptingObjects (0ms)
			CreateAndSetChildDomain (1ms)
		EndReloadAssembly (849ms)
			LoadAssemblies (121ms)
			RebuildTransferFunctionScriptingTraits (0ms)
			SetupTypeCache (272ms)
			ReleaseScriptCaches (0ms)
			RebuildScriptCaches (56ms)
			SetupLoadedEditorAssemblies (345ms)
				LogAssemblyErrors (0ms)
				InitializePlatformSupportModulesInManaged (8ms)
				SetLoadedEditorAssemblies (0ms)
				RefreshPlugins (124ms)
				BeforeProcessingInitializeOnLoad (14ms)
				ProcessInitializeOnLoadAttributes (148ms)
				ProcessInitializeOnLoadMethodAttributes (51ms)
				AfterProcessingInitializeOnLoad (0ms)
				EditorAssembliesLoaded (0ms)
			ExecutionOrderSort2 (0ms)
			AwakeInstancesAfterBackupRestoration (0ms)
Platform modules already initialized, skipping
Registering precompiled user dll's ...
Registered in 0.007680 seconds.
Begin MonoManager ReloadAssembly
Native extension for WindowsStandalone target not found
Refreshing native plugins compatible for Editor in 115.17 ms, found 3 plugins.
Preloading 0 native plugins for Editor in 0.00 ms.
Mono: successfully reloaded assembly
- Completed reload, in  2.032 seconds
Domain Reload Profiling:
	ReloadAssembly (2034ms)
		BeginReloadAssembly (285ms)
			ExecutionOrderSort (0ms)
			DisableScriptedObjects (9ms)
			BackupInstance (0ms)
			ReleaseScriptingObjects (0ms)
			CreateAndSetChildDomain (29ms)
		EndReloadAssembly (1651ms)
			LoadAssemblies (203ms)
			RebuildTransferFunctionScriptingTraits (0ms)
			SetupTypeCache (536ms)
			ReleaseScriptCaches (1ms)
			RebuildScriptCaches (93ms)
			SetupLoadedEditorAssemblies (633ms)
				LogAssemblyErrors (0ms)
				InitializePlatformSupportModulesInManaged (6ms)
				SetLoadedEditorAssemblies (0ms)
				RefreshPlugins (115ms)
				BeforeProcessingInitializeOnLoad (119ms)
				ProcessInitializeOnLoadAttributes (358ms)
				ProcessInitializeOnLoadMethodAttributes (30ms)
				AfterProcessingInitializeOnLoad (4ms)
				EditorAssembliesLoaded (0ms)
			ExecutionOrderSort2 (0ms)
			AwakeInstancesAfterBackupRestoration (13ms)
Platform modules already initialized, skipping
========================================================================
Worker process is ready to serve import requests
Launched and connected shader compiler UnityShaderCompiler.exe after 0.06 seconds
Refreshing native plugins compatible for Editor in 1.23 ms, found 3 plugins.
Preloading 0 native plugins for Editor in 0.00 ms.
Unloading 2234 Unused Serialized files (Serialized files now loaded: 0)
System memory in use before: 101.1 MB.
System memory in use after: 101.0 MB.

Unloading 34 unused Assets to reduce memory usage. Loaded Objects now: 2662.
Total: 5.058400 ms (FindLiveObjects: 0.225200 ms CreateObjectMapping: 0.113700 ms MarkObjects: 4.485800 ms  DeleteObjects: 0.231400 ms)

AssetImportParameters requested are different than current active one (requested -> active):
  custom:framework-win-MediaFoundation: 216162199b28c13a410421893ffa2e32 -> 
  custom:video-decoder-ogg-theora: a1e56fd34408186e4bbccfd4996cb3dc -> 
  custom:container-muxer-webm: aa71ff27fc2769a1b78a27578f13a17b -> 
  custom:container-demuxer-webm: 4f35f7cbe854078d1ac9338744f61a02 -> 
  custom:container-demuxer-ogg: 62fdf1f143b41e24485cea50d1cbac27 -> 
  custom:video-encoder-webm-vp8: eb34c28f22e8b96e1ab97ce403110664 -> 
  custom:video-codec-MediaFoundation-h265: 746d11721c4dcdbdad8f713fa42b33f4 -> 
  custom:video-decoder-webm-vp8: 9c59270c3fd7afecdb556c50c9e8de78 -> 
  custom:audio-decoder-ogg-vorbis: bf7c407c2cedff20999df2af8eb42d56 -> 
  custom:audio-encoder-webm-vorbis: bf7c407c2cedff20999df2af8eb42d56 -> 
========================================================================
Received Import Request.
  path: Assets/Paletas
  artifactKey: Guid(ee3ae8a7a61e00b4a8570fc279344139) Importer(815301076,1909f56bfc062723c751e8b465ee728b)
Start importing Assets/Paletas using Guid(ee3ae8a7a61e00b4a8570fc279344139) Importer(815301076,1909f56bfc062723c751e8b465ee728b)  -> (artifact id: '737bbb5f095139f8b7778cabaf7e9ef8') in 0.015476 seconds 
  Import took 0.021825 seconds .

========================================================================
Received Import Request.
  Time since last request: 1505.315257 seconds.
  path: Assets/Pantallas de juego/Menu.unity
  artifactKey: Guid(a998a61f468c61d4ba276db585bff2c8) Importer(815301076,1909f56bfc062723c751e8b465ee728b)
Start importing Assets/Pantallas de juego/Menu.unity using Guid(a998a61f468c61d4ba276db585bff2c8) Importer(815301076,1909f56bfc062723c751e8b465ee728b)  -> (artifact id: 'f6470b3f76f58f8f071f1462ebe1ce30') in 0.029329 seconds 
  Import took 0.035588 seconds .

========================================================================
Received Import Request.
  Time since last request: 317.891486 seconds.
  path: Assets/Orco/HumanBaseIdle septtr.png
  artifactKey: Guid(4f61b54a8a6b4504f8a189a2c6f3dd48) Importer(815301076,1909f56bfc062723c751e8b465ee728b)
Start importing Assets/Orco/HumanBaseIdle septtr.png using Guid(4f61b54a8a6b4504f8a189a2c6f3dd48) Importer(815301076,1909f56bfc062723c751e8b465ee728b)  -> (artifact id: 'f1f3de878431c840195aa905c084d55c') in 0.189431 seconds 
  Import took 0.195808 seconds .

========================================================================
Received Import Request.
  Time since last request: 0.000374 seconds.
  path: Assets/Orco/HumanBaseIdle.png
  artifactKey: Guid(3a3f640c0b2a5564d9dcf41a65679fe6) Importer(815301076,1909f56bfc062723c751e8b465ee728b)
Start importing Assets/Orco/HumanBaseIdle.png using Guid(3a3f640c0b2a5564d9dcf41a65679fe6) Importer(815301076,1909f56bfc062723c751e8b465ee728b)  -> (artifact id: '25195053300a14cdea27e722309996c3') in 0.036379 seconds 
  Import took 0.044463 seconds .

========================================================================
Received Import Request.
  Time since last request: 0.000404 seconds.
  path: Assets/Orco/HumanBaseIdle septtraaaa.png
  artifactKey: Guid(9df22af917293b842853ea27a3cd0c04) Importer(815301076,1909f56bfc062723c751e8b465ee728b)
Start importing Assets/Orco/HumanBaseIdle septtraaaa.png using Guid(9df22af917293b842853ea27a3cd0c04) Importer(815301076,1909f56bfc062723c751e8b465ee728b)  -> (artifact id: '63db5d0cd5ee1c8afdee3f584191d709') in 0.035805 seconds 
  Import took 0.041753 seconds .

========================================================================
Received Import Request.
  Time since last request: 4.890419 seconds.
  path: Assets/Scenes/SampleScene.unity
  artifactKey: Guid(2cda990e2423bbf4892e6590ba056729) Importer(815301076,1909f56bfc062723c751e8b465ee728b)
Start importing Assets/Scenes/SampleScene.unity using Guid(2cda990e2423bbf4892e6590ba056729) Importer(815301076,1909f56bfc062723c751e8b465ee728b)  -> (artifact id: '52215bdfc8bb4f9350c52e916c3b1f8c') in 0.013921 seconds 
  Import took 0.019579 seconds .

========================================================================
Received Import Request.
  Time since last request: 38.296350 seconds.
  path: Assets/TextMesh Pro/Resources/Fonts & Materials/LiberationSans SDF - Drop Shadow.mat
  artifactKey: Guid(e73a58f6e2794ae7b1b7e50b7fb811b0) Importer(815301076,1909f56bfc062723c751e8b465ee728b)
Start importing Assets/TextMesh Pro/Resources/Fonts & Materials/LiberationSans SDF - Drop Shadow.mat using Guid(e73a58f6e2794ae7b1b7e50b7fb811b0) Importer(815301076,1909f56bfc062723c751e8b465ee728b)  -> (artifact id: 'ca0d2861f60500f05bd29199894f7bb5') in 0.243930 seconds 
  Import took 0.249756 seconds .

========================================================================
Received Import Request.
  Time since last request: 0.000394 seconds.
  path: Assets/TextMesh Pro/Resources/Fonts & Materials/LiberationSans SDF - Outline.mat
  artifactKey: Guid(79459efec17a4d00a321bdcc27bbc385) Importer(815301076,1909f56bfc062723c751e8b465ee728b)
Start importing Assets/TextMesh Pro/Resources/Fonts & Materials/LiberationSans SDF - Outline.mat using Guid(79459efec17a4d00a321bdcc27bbc385) Importer(815301076,1909f56bfc062723c751e8b465ee728b)  -> (artifact id: '289988fcecf3b00d1602f8d2b589f7dd') in 0.131854 seconds 
  Import took 0.136732 seconds .

========================================================================
Received Import Request.
  Time since last request: 0.000397 seconds.
  path: Assets/TextMesh Pro/Resources/Fonts & Materials/LiberationSans SDF - Fallback.asset
  artifactKey: Guid(2e498d1c8094910479dc3e1b768306a4) Importer(815301076,1909f56bfc062723c751e8b465ee728b)
Start importing Assets/TextMesh Pro/Resources/Fonts & Materials/LiberationSans SDF - Fallback.asset using Guid(2e498d1c8094910479dc3e1b768306a4) Importer(815301076,1909f56bfc062723c751e8b465ee728b)  -> (artifact id: 'ce7230c77e7d4e7bfd1cefa9887dd317') in 0.102696 seconds 
  Import took 0.108473 seconds .

========================================================================
Received Import Request.
  Time since last request: 1.888940 seconds.
  path: Packages/com.unity.2d.spriteshape/Editor/ObjectMenuCreation/DefaultAssets/Sprite Shapes/Closed Sprite Shape.prefab
  artifactKey: Guid(c0583b4e855c74b8c82e7b9b5efb5ce9) Importer(815301076,1909f56bfc062723c751e8b465ee728b)
Start importing Packages/com.unity.2d.spriteshape/Editor/ObjectMenuCreation/DefaultAssets/Sprite Shapes/Closed Sprite Shape.prefab using Guid(c0583b4e855c74b8c82e7b9b5efb5ce9) Importer(815301076,1909f56bfc062723c751e8b465ee728b)  -> (artifact id: '2d633a999cd0db5a929fdc6b8a7f437c') in 0.088837 seconds 
  Import took 0.094180 seconds .

========================================================================
Received Import Request.
  Time since last request: 0.000386 seconds.
  path: Assets/Assets Descargados/MINIFANTASY - Forgotten Plains/Tile Palettes/Title Elementos/Elementos.prefab
  artifactKey: Guid(f11e9dffb5f17a841b92b2b1ca3b973d) Importer(815301076,1909f56bfc062723c751e8b465ee728b)
Start importing Assets/Assets Descargados/MINIFANTASY - Forgotten Plains/Tile Palettes/Title Elementos/Elementos.prefab using Guid(f11e9dffb5f17a841b92b2b1ca3b973d) Importer(815301076,1909f56bfc062723c751e8b465ee728b)  -> (artifact id: '509a19950576eb25b11672cb7a1e76d3') in 0.085589 seconds 
  Import took 0.093230 seconds .

========================================================================
Received Import Request.
  Time since last request: 0.000390 seconds.
  path: Assets/Assets Descargados/MINIFANTASY - Dungeon/Tile Palettes/Ground/DUN Ground.prefab
  artifactKey: Guid(40c32e480f850ba4ebc3a8dba572e158) Importer(815301076,1909f56bfc062723c751e8b465ee728b)
Start importing Assets/Assets Descargados/MINIFANTASY - Dungeon/Tile Palettes/Ground/DUN Ground.prefab using Guid(40c32e480f850ba4ebc3a8dba572e158) Importer(815301076,1909f56bfc062723c751e8b465ee728b)  -> (artifact id: '6ccd1a5959fd492aa272bae2494dc7d7') in 0.031959 seconds 
  Import took 0.045416 seconds .

========================================================================
Received Import Request.
  Time since last request: 0.000318 seconds.
  path: Assets/Assets Descargados/MINIFANTASY - Dungeon/Tile Palettes/Walls/DUN Walls.prefab
  artifactKey: Guid(e79d79b785be2db48bf6e008f60799cb) Importer(815301076,1909f56bfc062723c751e8b465ee728b)
Start importing Assets/Assets Descargados/MINIFANTASY - Dungeon/Tile Palettes/Walls/DUN Walls.prefab using Guid(e79d79b785be2db48bf6e008f60799cb) Importer(815301076,1909f56bfc062723c751e8b465ee728b)  -> (artifact id: '97c195c53d65f6c3d087b673213f5ca8') in 0.051652 seconds 
  Import took 0.057808 seconds .

========================================================================
Received Import Request.
  Time since last request: 0.000350 seconds.
  path: Assets/Assets Descargados/MINIFANTASY - Dungeon/Tile Palettes/RuleTiles/DUN Rule Tiles.prefab
  artifactKey: Guid(0ac24ffd6e29028438048ab5390a364d) Importer(815301076,1909f56bfc062723c751e8b465ee728b)
Start importing Assets/Assets Descargados/MINIFANTASY - Dungeon/Tile Palettes/RuleTiles/DUN Rule Tiles.prefab using Guid(0ac24ffd6e29028438048ab5390a364d) Importer(815301076,1909f56bfc062723c751e8b465ee728b)  -> (artifact id: '8236168ec99379804dfec93fb8222818') in 0.030620 seconds 
  Import took 0.037614 seconds .

========================================================================
Received Import Request.
  Time since last request: 1.556800 seconds.
  path: Assets/Paletas/Flores/Flores.prefab
  artifactKey: Guid(e918d612bd4175a46b1dbcf9c3291ee7) Importer(815301076,1909f56bfc062723c751e8b465ee728b)
Start importing Assets/Paletas/Flores/Flores.prefab using Guid(e918d612bd4175a46b1dbcf9c3291ee7) Importer(815301076,1909f56bfc062723c751e8b465ee728b)  -> (artifact id: '35dc8f9b191157b07a0266ef3a46170d') in 0.093526 seconds 
  Import took 0.102848 seconds .

========================================================================
Received Import Request.
  Time since last request: 0.000360 seconds.
  path: Assets/Assets Descargados/MINIFANTASY - Forgotten Plains/Tile Palettes/Standard Tiles/Cliffs/FP Cliff.prefab
  artifactKey: Guid(6db4f9df0e8f1de4d8c93209de94c2ea) Importer(815301076,1909f56bfc062723c751e8b465ee728b)
Start importing Assets/Assets Descargados/MINIFANTASY - Forgotten Plains/Tile Palettes/Standard Tiles/Cliffs/FP Cliff.prefab using Guid(6db4f9df0e8f1de4d8c93209de94c2ea) Importer(815301076,1909f56bfc062723c751e8b465ee728b)  -> (artifact id: '0883782f7a40564e5f29bdba3a0da05c') in 0.066015 seconds 
  Import took 0.072506 seconds .

========================================================================
Received Import Request.
  Time since last request: 0.305180 seconds.
  path: Assets/Assets Descargados/MINIFANTASY - Forgotten Plains/Tile Palettes/Standard Tiles/Ground/FP Ground.prefab
  artifactKey: Guid(6a6781ae92da1a143a75d22d323f21e4) Importer(815301076,1909f56bfc062723c751e8b465ee728b)
Start importing Assets/Assets Descargados/MINIFANTASY - Forgotten Plains/Tile Palettes/Standard Tiles/Ground/FP Ground.prefab using Guid(6a6781ae92da1a143a75d22d323f21e4) Importer(815301076,1909f56bfc062723c751e8b465ee728b)  -> (artifact id: '28de3e4926c41f545a0c7b17976b1868') in 0.082964 seconds 
  Import took 0.089655 seconds .

========================================================================
Received Import Request.
  Time since last request: 0.000365 seconds.
  path: Assets/Assets Descargados/MINIFANTASY - Forgotten Plains/Tile Palettes/Standard Tiles/Lake/FP Lake.prefab
  artifactKey: Guid(231c9e76d50e05646a2e85be2127259b) Importer(815301076,1909f56bfc062723c751e8b465ee728b)
Start importing Assets/Assets Descargados/MINIFANTASY - Forgotten Plains/Tile Palettes/Standard Tiles/Lake/FP Lake.prefab using Guid(231c9e76d50e05646a2e85be2127259b) Importer(815301076,1909f56bfc062723c751e8b465ee728b)  -> (artifact id: '6d70181fffe572bb994ad03e1674047c') in 0.053203 seconds 
  Import took 0.060700 seconds .

========================================================================
Received Import Request.
  Time since last request: 0.000375 seconds.
  path: Assets/Assets Descargados/MINIFANTASY - Forgotten Plains/Tile Palettes/Standard Tiles/Hills/FP Hills.prefab
  artifactKey: Guid(246c16a922f40444bb745af57ba6e6f7) Importer(815301076,1909f56bfc062723c751e8b465ee728b)
Start importing Assets/Assets Descargados/MINIFANTASY - Forgotten Plains/Tile Palettes/Standard Tiles/Hills/FP Hills.prefab using Guid(246c16a922f40444bb745af57ba6e6f7) Importer(815301076,1909f56bfc062723c751e8b465ee728b)  -> (artifact id: 'a7dafd85842d4482e03eb8c1c744c14d') in 0.052003 seconds 
  Import took 0.060683 seconds .

========================================================================
Received Import Request.
  Time since last request: 0.000352 seconds.
  path: Assets/Assets Descargados/MINIFANTASY - Forgotten Plains/Tile Palettes/Rule Tiles/FP Rule Tiles.prefab
  artifactKey: Guid(0727e854e691beb41813e57256803b51) Importer(815301076,1909f56bfc062723c751e8b465ee728b)
Start importing Assets/Assets Descargados/MINIFANTASY - Forgotten Plains/Tile Palettes/Rule Tiles/FP Rule Tiles.prefab using Guid(0727e854e691beb41813e57256803b51) Importer(815301076,1909f56bfc062723c751e8b465ee728b)  -> (artifact id: 'd7faa61941c4f8e1845e6ec1e64f0153') in 0.085959 seconds 
  Import took 0.104077 seconds .

========================================================================
Received Import Request.
  Time since last request: 0.000369 seconds.
  path: Assets/Assets Descargados/MINIFANTASY - Forgotten Plains/Tile Palettes/Animated Tiles/Lake/FP Lake Animated.prefab
  artifactKey: Guid(aae5b435244e2f84f8f5cd1bbaa7e5ca) Importer(815301076,1909f56bfc062723c751e8b465ee728b)
Start importing Assets/Assets Descargados/MINIFANTASY - Forgotten Plains/Tile Palettes/Animated Tiles/Lake/FP Lake Animated.prefab using Guid(aae5b435244e2f84f8f5cd1bbaa7e5ca) Importer(815301076,1909f56bfc062723c751e8b465ee728b)  -> (artifact id: '944f9402d077e5b163328c01af91ee89') in 0.039810 seconds 
  Import took 0.046240 seconds .

========================================================================
Received Import Request.
  Time since last request: 0.000375 seconds.
  path: Assets/Assets Descargados/MINIFANTASY - Forgotten Plains/Tile Palettes/Animated Tiles/River/FP River Animated.prefab
  artifactKey: Guid(aeda3d6247330574d8fa854cc5feffc5) Importer(815301076,1909f56bfc062723c751e8b465ee728b)
Start importing Assets/Assets Descargados/MINIFANTASY - Forgotten Plains/Tile Palettes/Animated Tiles/River/FP River Animated.prefab using Guid(aeda3d6247330574d8fa854cc5feffc5) Importer(815301076,1909f56bfc062723c751e8b465ee728b)  -> (artifact id: '7e47224d13a15df81588d9db01d8f0d1') in 0.078732 seconds 
  Import took 0.086283 seconds .

========================================================================
Received Import Request.
  Time since last request: 0.035765 seconds.
  path: Assets/Assets Descargados/MINIFANTASY - Forgotten Plains/Tile Palettes/Standard Tiles/Wall/FP Wall.prefab
  artifactKey: Guid(285965893a42c484d9276577d654defe) Importer(815301076,1909f56bfc062723c751e8b465ee728b)
Start importing Assets/Assets Descargados/MINIFANTASY - Forgotten Plains/Tile Palettes/Standard Tiles/Wall/FP Wall.prefab using Guid(285965893a42c484d9276577d654defe) Importer(815301076,1909f56bfc062723c751e8b465ee728b)  -> (artifact id: '48ee54926f176268eb66c0d61e1c3139') in 0.033103 seconds 
  Import took 0.040645 seconds .

========================================================================
Received Import Request.
  Time since last request: 0.000395 seconds.
  path: Assets/Assets Descargados/MINIFANTASY - Forgotten Plains/Tile Palettes/Animated Tiles/Waterfall/FP Waterfall Animated.prefab
  artifactKey: Guid(2bd65e8cbfcf212419e9cbfb3c999165) Importer(815301076,1909f56bfc062723c751e8b465ee728b)
Start importing Assets/Assets Descargados/MINIFANTASY - Forgotten Plains/Tile Palettes/Animated Tiles/Waterfall/FP Waterfall Animated.prefab using Guid(2bd65e8cbfcf212419e9cbfb3c999165) Importer(815301076,1909f56bfc062723c751e8b465ee728b)  -> (artifact id: '1c2fd09594ecb69ed0c3ecfc2b3619f3') in 0.071394 seconds 
  Import took 0.084858 seconds .

========================================================================
Received Import Request.
  Time since last request: 0.042618 seconds.
  path: Assets/HealthHeartSystem/Prefabs/HeartContainer.prefab
  artifactKey: Guid(677e3f20f0ab76a45bd59d5b73b0b446) Importer(815301076,1909f56bfc062723c751e8b465ee728b)
Start importing Assets/HealthHeartSystem/Prefabs/HeartContainer.prefab using Guid(677e3f20f0ab76a45bd59d5b73b0b446) Importer(815301076,1909f56bfc062723c751e8b465ee728b)  -> (artifact id: '573a2a6bbd6d31dc83e8374f382dcee8') in 0.033436 seconds 
  Import took 0.039914 seconds .

========================================================================
Received Import Request.
  Time since last request: 1.417677 seconds.
  path: Packages/com.unity.2d.spriteshape/Editor/ObjectMenuCreation/DefaultAssets/Sprite Shapes/Open Sprite Shape.prefab
  artifactKey: Guid(86ae7de409eb54f619fb1328e4d42480) Importer(815301076,1909f56bfc062723c751e8b465ee728b)
Start importing Packages/com.unity.2d.spriteshape/Editor/ObjectMenuCreation/DefaultAssets/Sprite Shapes/Open Sprite Shape.prefab using Guid(86ae7de409eb54f619fb1328e4d42480) Importer(815301076,1909f56bfc062723c751e8b465ee728b)  -> (artifact id: 'c78a7b90d603d0a33c7b4e3280488626') in 0.033199 seconds 
  Import took 0.039049 seconds .

========================================================================
Received Import Request.
  Time since last request: 0.600224 seconds.
  path: Assets/Assets Descargados/MINIFANTASY - Forgotten Plains/Tile Palettes/Animated Tiles/Suelo/Suelo.prefab
  artifactKey: Guid(d862148873f244d47add252ca82df0a4) Importer(815301076,1909f56bfc062723c751e8b465ee728b)
Start importing Assets/Assets Descargados/MINIFANTASY - Forgotten Plains/Tile Palettes/Animated Tiles/Suelo/Suelo.prefab using Guid(d862148873f244d47add252ca82df0a4) Importer(815301076,1909f56bfc062723c751e8b465ee728b)  -> (artifact id: '6a6993d609d7ac508856b0229df8d6d0') in 0.265420 seconds 
  Import took 0.275999 seconds .

========================================================================
Received Import Request.
  Time since last request: 0.055311 seconds.
  path: Assets/Paletas/Suelo/Suelo.prefab
  artifactKey: Guid(e13902d339e1fcb48b7f3bd08fc40d0c) Importer(815301076,1909f56bfc062723c751e8b465ee728b)
Start importing Assets/Paletas/Suelo/Suelo.prefab using Guid(e13902d339e1fcb48b7f3bd08fc40d0c) Importer(815301076,1909f56bfc062723c751e8b465ee728b)  -> (artifact id: 'd71486a8a2508cc2bec162a4b7751290') in 0.306427 seconds 
  Import took 0.320863 seconds .

========================================================================
Received Import Request.
  Time since last request: 12.955301 seconds.
  path: Assets/HealthHeartSystem/Fonts
  artifactKey: Guid(7364898a6d32dc749b5c01380ed27b12) Importer(815301076,1909f56bfc062723c751e8b465ee728b)
Start importing Assets/HealthHeartSystem/Fonts using Guid(7364898a6d32dc749b5c01380ed27b12) Importer(815301076,1909f56bfc062723c751e8b465ee728b)  -> (artifact id: '6a3a072de6676eff7d24434181339abf') in 0.011450 seconds 
  Import took 0.016595 seconds .

========================================================================
Received Import Request.
  Time since last request: 0.781667 seconds.
  path: Assets/HealthHeartSystem/Scenes
  artifactKey: Guid(6ba54bdb728a0c14aaa935bfaf25a8ff) Importer(815301076,1909f56bfc062723c751e8b465ee728b)
Start importing Assets/HealthHeartSystem/Scenes using Guid(6ba54bdb728a0c14aaa935bfaf25a8ff) Importer(815301076,1909f56bfc062723c751e8b465ee728b)  -> (artifact id: '8425f9fd8641356d62624056a59949b7') in 0.010564 seconds 
  Import took 0.016554 seconds .

========================================================================
Received Import Request.
  Time since last request: 1.444509 seconds.
  path: Assets/HealthHeartSystem/Scenes/ExampleScene.unity
  artifactKey: Guid(7b7e0bf5b7cf5c94485b6ef8618c24ba) Importer(815301076,1909f56bfc062723c751e8b465ee728b)
Start importing Assets/HealthHeartSystem/Scenes/ExampleScene.unity using Guid(7b7e0bf5b7cf5c94485b6ef8618c24ba) Importer(815301076,1909f56bfc062723c751e8b465ee728b)  -> (artifact id: '9972e9e8f6ff5dd833e070d8480d9d52') in 0.018762 seconds 
  Import took 0.027310 seconds .

========================================================================
Received Import Request.
  Time since last request: 49.513165 seconds.
  path: Assets/TextMesh Pro/Shaders
  artifactKey: Guid(e9f693669af91aa45ad615fc681ed29f) Importer(815301076,1909f56bfc062723c751e8b465ee728b)
Start importing Assets/TextMesh Pro/Shaders using Guid(e9f693669af91aa45ad615fc681ed29f) Importer(815301076,1909f56bfc062723c751e8b465ee728b)  -> (artifact id: '486066d15e4e2d1f404625b357b63227') in 0.019204 seconds 
  Import took 0.026560 seconds .

========================================================================
Received Import Request.
  Time since last request: 1.485232 seconds.
  path: Assets/TextMesh Pro/Resources
  artifactKey: Guid(243e06394e614e5d99fab26083b707fa) Importer(815301076,1909f56bfc062723c751e8b465ee728b)
Start importing Assets/TextMesh Pro/Resources using Guid(243e06394e614e5d99fab26083b707fa) Importer(815301076,1909f56bfc062723c751e8b465ee728b)  -> (artifact id: '0df7051f5b12f3f69d646d60f9166c36') in 0.012792 seconds 
  Import took 0.019836 seconds .

========================================================================
Received Import Request.
  Time since last request: 0.051789 seconds.
  path: Assets/TextMesh Pro/Resources/TMP Settings.asset
  artifactKey: Guid(3f5b5dff67a942289a9defa416b206f3) Importer(815301076,1909f56bfc062723c751e8b465ee728b)
Start importing Assets/TextMesh Pro/Resources/TMP Settings.asset using Guid(3f5b5dff67a942289a9defa416b206f3) Importer(815301076,1909f56bfc062723c751e8b465ee728b)  -> (artifact id: '80217e6c75f9d2e4957cbc8093faaf48') in 0.068371 seconds 
  Import took 0.075472 seconds .

========================================================================
Received Import Request.
  Time since last request: 1266.904257 seconds.
  path: Assets/2D Pixel Item Pack/Heavy Outline
  artifactKey: Guid(2aa009d155f61f441acb7b54f5a8fe80) Importer(815301076,1909f56bfc062723c751e8b465ee728b)
Start importing Assets/2D Pixel Item Pack/Heavy Outline using Guid(2aa009d155f61f441acb7b54f5a8fe80) Importer(815301076,1909f56bfc062723c751e8b465ee728b)  -> (artifact id: '471a48e901096ed506df4dc8739462c5') in 0.013664 seconds 
  Import took 0.020254 seconds .

========================================================================
Received Import Request.
  Time since last request: 0.729730 seconds.
  path: Assets/2D Pixel Item Pack/Light Outline
  artifactKey: Guid(656f9e31cc105bd4db1ada03b62147ad) Importer(815301076,1909f56bfc062723c751e8b465ee728b)
Start importing Assets/2D Pixel Item Pack/Light Outline using Guid(656f9e31cc105bd4db1ada03b62147ad) Importer(815301076,1909f56bfc062723c751e8b465ee728b)  -> (artifact id: 'a5f92f9ecdd29c3076f80499af46e874') in 0.019565 seconds 
  Import took 0.025142 seconds .

========================================================================
Received Import Request.
  Time since last request: 4711.692932 seconds.
  path: Assets/Scenes/Juego.unity
  artifactKey: Guid(2cda990e2423bbf4892e6590ba056729) Importer(815301076,1909f56bfc062723c751e8b465ee728b)
Start importing Assets/Scenes/Juego.unity using Guid(2cda990e2423bbf4892e6590ba056729) Importer(815301076,1909f56bfc062723c751e8b465ee728b)  -> (artifact id: '2ea516c683b8440bc25060c523fbb25f') in 0.016928 seconds 
  Import took 0.037050 seconds .

